<?xml version="1.0" encoding="UTF-8"?>
<!-- Generated by org.testng.reporters.JUnitXMLReporter -->
<testsuite ignored="18" hostname="LAPTOP-LBM6U9VC" failures="0" tests="10" name="Test" time="115.827" errors="0" timestamp="2021-11-19T13:04:25 IST">
  <testcase classname="com.mindtree.Runner.KeyChain_Search" name="search_for_keyChain" time="2.763"/>
  <testcase classname="com.mindtree.Runner.HomePage_Title_Validation" name="Validate_HomePage_title" time="0.011"/>
  <testcase classname="com.mindtree.Runner.Login_Check" name="login_to_site_check" time="4.732"/>
  <testcase classname="com.mindtree.Runner.Adding_product_to_wishlist" name="adding_product_to_wishlist" time="11.967"/>
  <testcase classname="com.mindtree.Runner.search_for_a_specific_product" name="search_for_product" time="2.715"/>
  <testcase classname="com.mindtree.Runner.New_Product_from_Personalized_Gifts" name="adding_new_product_from_personalisedGifts_to_cart" time="10.681"/>
  <testcase classname="com.mindtree.Runner.Account_Creation_Check" name="new_account_creation" time="7.109"/>
  <testcase classname="com.mindtree.Runner.Product_Selection_from_Top50" name="select_product_from_Top50" time="3.276"/>
  <testcase classname="com.mindtree.Runner.Landing_On_CraeteAcountPage" name="navigate_to_createAccountPage" time="3.312"/>
  <testcase classname="com.mindtree.Runner.Landing_on_GeekGiftsPage" name="Navigating_to_GeekGiftsPage" time="6.325"/>
  <testcase classname="com.mindtree.ReusableComponents.Base" name="@BeforeSuite beforeClass" time="0.0">
    <ignored/>
  </testcase> <!-- @BeforeSuite beforeClass -->
  <testcase classname="com.mindtree.ReusableComponents.Base" name="@BeforeSuite beforeClass" time="0.0">
    <ignored/>
  </testcase> <!-- @BeforeSuite beforeClass -->
  <testcase classname="com.mindtree.ReusableComponents.Base" name="@BeforeSuite beforeClass" time="0.0">
    <ignored/>
  </testcase> <!-- @BeforeSuite beforeClass -->
  <testcase classname="com.mindtree.ReusableComponents.Base" name="@BeforeSuite beforeClass" time="0.0">
    <ignored/>
  </testcase> <!-- @BeforeSuite beforeClass -->
  <testcase classname="com.mindtree.ReusableComponents.Base" name="@BeforeSuite beforeClass" time="0.0">
    <ignored/>
  </testcase> <!-- @BeforeSuite beforeClass -->
  <testcase classname="com.mindtree.ReusableComponents.Base" name="@BeforeSuite beforeClass" time="0.0">
    <ignored/>
  </testcase> <!-- @BeforeSuite beforeClass -->
  <testcase classname="com.mindtree.ReusableComponents.Base" name="@BeforeSuite beforeClass" time="0.0">
    <ignored/>
  </testcase> <!-- @BeforeSuite beforeClass -->
  <testcase classname="com.mindtree.ReusableComponents.Base" name="@BeforeSuite beforeClass" time="0.0">
    <ignored/>
  </testcase> <!-- @BeforeSuite beforeClass -->
  <testcase classname="com.mindtree.ReusableComponents.Base" name="@BeforeSuite beforeClass" time="0.0">
    <ignored/>
  </testcase> <!-- @BeforeSuite beforeClass -->
  <testcase classname="com.mindtree.ReusableComponents.Base" name="@AfterSuite afterSuite" time="0.0">
    <ignored/>
  </testcase> <!-- @AfterSuite afterSuite -->
  <testcase classname="com.mindtree.ReusableComponents.Base" name="@AfterSuite afterSuite" time="0.0">
    <ignored/>
  </testcase> <!-- @AfterSuite afterSuite -->
  <testcase classname="com.mindtree.ReusableComponents.Base" name="@AfterSuite afterSuite" time="0.0">
    <ignored/>
  </testcase> <!-- @AfterSuite afterSuite -->
  <testcase classname="com.mindtree.ReusableComponents.Base" name="@AfterSuite afterSuite" time="0.0">
    <ignored/>
  </testcase> <!-- @AfterSuite afterSuite -->
  <testcase classname="com.mindtree.ReusableComponents.Base" name="@AfterSuite afterSuite" time="0.0">
    <ignored/>
  </testcase> <!-- @AfterSuite afterSuite -->
  <testcase classname="com.mindtree.ReusableComponents.Base" name="@AfterSuite afterSuite" time="0.0">
    <ignored/>
  </testcase> <!-- @AfterSuite afterSuite -->
  <testcase classname="com.mindtree.ReusableComponents.Base" name="@AfterSuite afterSuite" time="0.0">
    <ignored/>
  </testcase> <!-- @AfterSuite afterSuite -->
  <testcase classname="com.mindtree.ReusableComponents.Base" name="@AfterSuite afterSuite" time="0.0">
    <ignored/>
  </testcase> <!-- @AfterSuite afterSuite -->
  <testcase classname="com.mindtree.ReusableComponents.Base" name="@AfterSuite afterSuite" time="0.0">
    <ignored/>
  </testcase> <!-- @AfterSuite afterSuite -->
</testsuite> <!-- Test -->
