<?xml version="1.0" encoding="UTF-8"?>
<!-- Generated by org.testng.reporters.JUnitXMLReporter -->
<testsuite hostname="LAPTOP-LBM6U9VC" failures="0" tests="13" name="Test" time="138.128" errors="0" timestamp="22 Nov 2021 02:29:08 GMT">
  <testcase classname="com.mindtree.Runner.HomePage_Title_Validation" name="Validate_HomePage_title" time="0.039"/>
  <testcase classname="com.mindtree.Runner.Login_Check" name="login_to_site_check" time="4.485"/>
  <testcase classname="com.mindtree.Runner.Landing_On_CreateAcountPage" name="navigate_to_createAccountPage" time="3.635"/>
  <testcase classname="com.mindtree.Runner.search_for_a_specific_product" name="search_for_product" time="2.63"/>
  <testcase classname="com.mindtree.Runner.Adding_product_to_cart_from_AllOfIt" name="add_to_cart_from_AllOfIt" time="6.496"/>
  <testcase classname="com.mindtree.Runner.Account_Creation_Check" name="new_account_creation" time="6.554"/>
  <testcase classname="com.mindtree.Runner.Product_Selection_from_Top50" name="select_product_from_Top50" time="2.895"/>
  <testcase classname="com.mindtree.Runner.Landing_on_GeekGiftsPage" name="Navigating_to_GeekGiftsPage" time="6.235"/>
  <testcase classname="com.mindtree.Runner.Sign_up_now_Check" name="check_sign_up_for_now" time="0.54"/>
  <testcase classname="com.mindtree.Runner.Adding_GiftCard_to_Cart" name="add_giftcard_to_cart" time="2.255"/>
  <testcase classname="com.mindtree.Runner.KeyChain_Search" name="search_for_keyChain" time="2.565"/>
  <testcase classname="com.mindtree.Runner.Adding_product_to_wishlist" name="adding_product_to_wishlist" time="11.596"/>
  <testcase classname="com.mindtree.Runner.New_Product_from_Personalized_Gifts" name="adding_new_product_from_personalisedGifts_to_cart" time="10.495"/>
</testsuite> <!-- Test -->
