<?xml version="1.0" encoding="UTF-8"?>
<testng-results total="13" passed="13" failed="0" skipped="0">
  <reporter-output>
  </reporter-output>
  <suite started-at="2021-11-22T02:26:50Z" name="Suite" finished-at="2021-11-22T02:29:08Z" duration-ms="138128">
    <groups>
    </groups>
    <test started-at="2021-11-22T02:26:50Z" name="Test" finished-at="2021-11-22T02:29:08Z" duration-ms="138128">
      <class name="com.mindtree.Runner.Landing_on_GeekGiftsPage">
        <test-method is-config="true" signature="DriverSetup()[pri:0, instance:com.mindtree.Runner.Landing_on_GeekGiftsPage@63f259c3]" started-at="2021-11-22T07:58:00Z" name="DriverSetup" finished-at="2021-11-22T07:58:02Z" duration-ms="1517" status="PASS">
          <reporter-output>
          </reporter-output>
        </test-method> <!-- DriverSetup -->
        <test-method is-config="true" signature="beforeMethod()[pri:0, instance:com.mindtree.Runner.Landing_on_GeekGiftsPage@63f259c3]" started-at="2021-11-22T07:58:02Z" name="beforeMethod" finished-at="2021-11-22T07:58:05Z" duration-ms="3050" status="PASS">
          <reporter-output>
          </reporter-output>
        </test-method> <!-- beforeMethod -->
        <test-method signature="Navigating_to_GeekGiftsPage()[pri:0, instance:com.mindtree.Runner.Landing_on_GeekGiftsPage@63f259c3]" started-at="2021-11-22T07:58:05Z" name="Navigating_to_GeekGiftsPage" finished-at="2021-11-22T07:58:11Z" duration-ms="6235" status="PASS">
          <reporter-output>
          </reporter-output>
        </test-method> <!-- Navigating_to_GeekGiftsPage -->
        <test-method is-config="true" signature="afterClass()[pri:0, instance:com.mindtree.Runner.Landing_on_GeekGiftsPage@63f259c3]" started-at="2021-11-22T07:58:12Z" name="afterClass" finished-at="2021-11-22T07:58:12Z" duration-ms="752" status="PASS">
          <reporter-output>
          </reporter-output>
        </test-method> <!-- afterClass -->
      </class> <!-- com.mindtree.Runner.Landing_on_GeekGiftsPage -->
      <class name="com.mindtree.Runner.KeyChain_Search">
        <test-method is-config="true" signature="DriverSetup()[pri:0, instance:com.mindtree.Runner.KeyChain_Search@3d9c13b5]" started-at="2021-11-22T07:58:26Z" name="DriverSetup" finished-at="2021-11-22T07:58:28Z" duration-ms="1493" status="PASS">
          <reporter-output>
          </reporter-output>
        </test-method> <!-- DriverSetup -->
        <test-method is-config="true" signature="beforeMethod()[pri:0, instance:com.mindtree.Runner.KeyChain_Search@3d9c13b5]" started-at="2021-11-22T07:58:28Z" name="beforeMethod" finished-at="2021-11-22T07:58:31Z" duration-ms="2874" status="PASS">
          <reporter-output>
          </reporter-output>
        </test-method> <!-- beforeMethod -->
        <test-method signature="search_for_keyChain()[pri:0, instance:com.mindtree.Runner.KeyChain_Search@3d9c13b5]" started-at="2021-11-22T07:58:31Z" name="search_for_keyChain" finished-at="2021-11-22T07:58:33Z" duration-ms="2565" status="PASS">
          <reporter-output>
          </reporter-output>
        </test-method> <!-- search_for_keyChain -->
        <test-method is-config="true" signature="afterClass()[pri:0, instance:com.mindtree.Runner.KeyChain_Search@3d9c13b5]" started-at="2021-11-22T07:58:34Z" name="afterClass" finished-at="2021-11-22T07:58:34Z" duration-ms="794" status="PASS">
          <reporter-output>
          </reporter-output>
        </test-method> <!-- afterClass -->
      </class> <!-- com.mindtree.Runner.KeyChain_Search -->
      <class name="com.mindtree.Runner.New_Product_from_Personalized_Gifts">
        <test-method is-config="true" signature="DriverSetup()[pri:0, instance:com.mindtree.Runner.New_Product_from_Personalized_Gifts@7a55af6b]" started-at="2021-11-22T07:58:52Z" name="DriverSetup" finished-at="2021-11-22T07:58:53Z" duration-ms="1569" status="PASS">
          <reporter-output>
          </reporter-output>
        </test-method> <!-- DriverSetup -->
        <test-method is-config="true" signature="beforeMethod()[pri:0, instance:com.mindtree.Runner.New_Product_from_Personalized_Gifts@7a55af6b]" started-at="2021-11-22T07:58:53Z" name="beforeMethod" finished-at="2021-11-22T07:58:56Z" duration-ms="2961" status="PASS">
          <reporter-output>
          </reporter-output>
        </test-method> <!-- beforeMethod -->
        <test-method signature="adding_new_product_from_personalisedGifts_to_cart()[pri:0, instance:com.mindtree.Runner.New_Product_from_Personalized_Gifts@7a55af6b]" started-at="2021-11-22T07:58:56Z" name="adding_new_product_from_personalisedGifts_to_cart" finished-at="2021-11-22T07:59:07Z" duration-ms="10495" status="PASS">
          <reporter-output>
          </reporter-output>
        </test-method> <!-- adding_new_product_from_personalisedGifts_to_cart -->
        <test-method is-config="true" signature="afterClass()[pri:0, instance:com.mindtree.Runner.New_Product_from_Personalized_Gifts@7a55af6b]" started-at="2021-11-22T07:59:07Z" name="afterClass" finished-at="2021-11-22T07:59:08Z" duration-ms="773" status="PASS">
          <reporter-output>
          </reporter-output>
        </test-method> <!-- afterClass -->
      </class> <!-- com.mindtree.Runner.New_Product_from_Personalized_Gifts -->
      <class name="com.mindtree.Runner.Adding_product_to_wishlist">
        <test-method is-config="true" signature="DriverSetup()[pri:0, instance:com.mindtree.Runner.Adding_product_to_wishlist@27216cd]" started-at="2021-11-22T07:58:34Z" name="DriverSetup" finished-at="2021-11-22T07:58:36Z" duration-ms="1508" status="PASS">
          <reporter-output>
          </reporter-output>
        </test-method> <!-- DriverSetup -->
        <test-method is-config="true" signature="beforeMethod()[pri:0, instance:com.mindtree.Runner.Adding_product_to_wishlist@27216cd]" started-at="2021-11-22T07:58:36Z" name="beforeMethod" finished-at="2021-11-22T07:58:39Z" duration-ms="2877" status="PASS">
          <reporter-output>
          </reporter-output>
        </test-method> <!-- beforeMethod -->
        <test-method signature="adding_product_to_wishlist()[pri:0, instance:com.mindtree.Runner.Adding_product_to_wishlist@27216cd]" started-at="2021-11-22T07:58:39Z" name="adding_product_to_wishlist" finished-at="2021-11-22T07:58:50Z" duration-ms="11596" status="PASS">
          <reporter-output>
          </reporter-output>
        </test-method> <!-- adding_product_to_wishlist -->
        <test-method is-config="true" signature="afterClass()[pri:0, instance:com.mindtree.Runner.Adding_product_to_wishlist@27216cd]" started-at="2021-11-22T07:58:51Z" name="afterClass" finished-at="2021-11-22T07:58:52Z" duration-ms="776" status="PASS">
          <reporter-output>
          </reporter-output>
        </test-method> <!-- afterClass -->
      </class> <!-- com.mindtree.Runner.Adding_product_to_wishlist -->
      <class name="com.mindtree.Runner.Account_Creation_Check">
        <test-method is-config="true" signature="DriverSetup()[pri:0, instance:com.mindtree.Runner.Account_Creation_Check@78d6692f]" started-at="2021-11-22T07:57:39Z" name="DriverSetup" finished-at="2021-11-22T07:57:40Z" duration-ms="1550" status="PASS">
          <reporter-output>
          </reporter-output>
        </test-method> <!-- DriverSetup -->
        <test-method is-config="true" signature="beforeMethod()[pri:0, instance:com.mindtree.Runner.Account_Creation_Check@78d6692f]" started-at="2021-11-22T07:57:40Z" name="beforeMethod" finished-at="2021-11-22T07:57:43Z" duration-ms="2993" status="PASS">
          <reporter-output>
          </reporter-output>
        </test-method> <!-- beforeMethod -->
        <test-method signature="new_account_creation()[pri:0, instance:com.mindtree.Runner.Account_Creation_Check@78d6692f]" started-at="2021-11-22T07:57:43Z" name="new_account_creation" finished-at="2021-11-22T07:57:50Z" duration-ms="6554" status="PASS">
          <reporter-output>
          </reporter-output>
        </test-method> <!-- new_account_creation -->
        <test-method is-config="true" signature="afterClass()[pri:0, instance:com.mindtree.Runner.Account_Creation_Check@78d6692f]" started-at="2021-11-22T07:57:50Z" name="afterClass" finished-at="2021-11-22T07:57:51Z" duration-ms="1191" status="PASS">
          <reporter-output>
          </reporter-output>
        </test-method> <!-- afterClass -->
      </class> <!-- com.mindtree.Runner.Account_Creation_Check -->
      <class name="com.mindtree.Runner.Landing_On_CreateAcountPage">
        <test-method is-config="true" signature="DriverSetup()[pri:0, instance:com.mindtree.Runner.Landing_On_CreateAcountPage@5c2375a9]" started-at="2021-11-22T07:57:08Z" name="DriverSetup" finished-at="2021-11-22T07:57:10Z" duration-ms="1561" status="PASS">
          <reporter-output>
          </reporter-output>
        </test-method> <!-- DriverSetup -->
        <test-method is-config="true" signature="beforeMethod()[pri:0, instance:com.mindtree.Runner.Landing_On_CreateAcountPage@5c2375a9]" started-at="2021-11-22T07:57:10Z" name="beforeMethod" finished-at="2021-11-22T07:57:13Z" duration-ms="3141" status="PASS">
          <reporter-output>
          </reporter-output>
        </test-method> <!-- beforeMethod -->
        <test-method signature="navigate_to_createAccountPage()[pri:0, instance:com.mindtree.Runner.Landing_On_CreateAcountPage@5c2375a9]" started-at="2021-11-22T07:57:13Z" name="navigate_to_createAccountPage" finished-at="2021-11-22T07:57:17Z" duration-ms="3635" status="PASS">
          <reporter-output>
          </reporter-output>
        </test-method> <!-- navigate_to_createAccountPage -->
        <test-method is-config="true" signature="afterClass()[pri:0, instance:com.mindtree.Runner.Landing_On_CreateAcountPage@5c2375a9]" started-at="2021-11-22T07:57:17Z" name="afterClass" finished-at="2021-11-22T07:57:18Z" duration-ms="755" status="PASS">
          <reporter-output>
          </reporter-output>
        </test-method> <!-- afterClass -->
      </class> <!-- com.mindtree.Runner.Landing_On_CreateAcountPage -->
      <class name="com.mindtree.Runner.Login_Check">
        <test-method is-config="true" signature="beforeClass()[pri:0, instance:com.mindtree.Runner.Login_Check@338c99c8]" started-at="2021-11-22T07:56:50Z" name="beforeClass" finished-at="2021-11-22T07:56:50Z" duration-ms="133" status="PASS">
          <reporter-output>
          </reporter-output>
        </test-method> <!-- beforeClass -->
        <test-method is-config="true" signature="DriverSetup()[pri:0, instance:com.mindtree.Runner.Login_Check@338c99c8]" started-at="2021-11-22T07:56:58Z" name="DriverSetup" finished-at="2021-11-22T07:57:00Z" duration-ms="1628" status="PASS">
          <reporter-output>
          </reporter-output>
        </test-method> <!-- DriverSetup -->
        <test-method is-config="true" signature="beforeMethod()[pri:0, instance:com.mindtree.Runner.Login_Check@338c99c8]" started-at="2021-11-22T07:57:00Z" name="beforeMethod" finished-at="2021-11-22T07:57:03Z" duration-ms="3152" status="PASS">
          <reporter-output>
          </reporter-output>
        </test-method> <!-- beforeMethod -->
        <test-method signature="login_to_site_check()[pri:0, instance:com.mindtree.Runner.Login_Check@338c99c8]" started-at="2021-11-22T07:57:03Z" name="login_to_site_check" finished-at="2021-11-22T07:57:07Z" duration-ms="4485" status="PASS">
          <reporter-output>
          </reporter-output>
        </test-method> <!-- login_to_site_check -->
        <test-method is-config="true" signature="afterClass()[pri:0, instance:com.mindtree.Runner.Login_Check@338c99c8]" started-at="2021-11-22T07:57:08Z" name="afterClass" finished-at="2021-11-22T07:57:08Z" duration-ms="874" status="PASS">
          <reporter-output>
          </reporter-output>
        </test-method> <!-- afterClass -->
        <test-method is-config="true" signature="afterSuite()[pri:0, instance:com.mindtree.Runner.Login_Check@338c99c8]" started-at="2021-11-22T07:59:08Z" name="afterSuite" finished-at="2021-11-22T07:59:08Z" duration-ms="227" status="PASS">
          <reporter-output>
          </reporter-output>
        </test-method> <!-- afterSuite -->
      </class> <!-- com.mindtree.Runner.Login_Check -->
      <class name="com.mindtree.Runner.HomePage_Title_Validation">
        <test-method is-config="true" signature="DriverSetup()[pri:0, instance:com.mindtree.Runner.HomePage_Title_Validation@d41f816]" started-at="2021-11-22T07:56:50Z" name="DriverSetup" finished-at="2021-11-22T07:56:52Z" duration-ms="2100" status="PASS">
          <reporter-output>
          </reporter-output>
        </test-method> <!-- DriverSetup -->
        <test-method is-config="true" signature="beforeMethod()[pri:0, instance:com.mindtree.Runner.HomePage_Title_Validation@d41f816]" started-at="2021-11-22T07:56:52Z" name="beforeMethod" finished-at="2021-11-22T07:56:57Z" duration-ms="4778" status="PASS">
          <reporter-output>
          </reporter-output>
        </test-method> <!-- beforeMethod -->
        <test-method signature="Validate_HomePage_title()[pri:0, instance:com.mindtree.Runner.HomePage_Title_Validation@d41f816]" started-at="2021-11-22T07:56:57Z" name="Validate_HomePage_title" finished-at="2021-11-22T07:56:57Z" duration-ms="39" status="PASS">
          <reporter-output>
          </reporter-output>
        </test-method> <!-- Validate_HomePage_title -->
        <test-method is-config="true" signature="afterClass()[pri:0, instance:com.mindtree.Runner.HomePage_Title_Validation@d41f816]" started-at="2021-11-22T07:56:57Z" name="afterClass" finished-at="2021-11-22T07:56:58Z" duration-ms="776" status="PASS">
          <reporter-output>
          </reporter-output>
        </test-method> <!-- afterClass -->
      </class> <!-- com.mindtree.Runner.HomePage_Title_Validation -->
      <class name="com.mindtree.Runner.search_for_a_specific_product">
        <test-method is-config="true" signature="DriverSetup()[pri:0, instance:com.mindtree.Runner.search_for_a_specific_product@492691d7]" started-at="2021-11-22T07:57:18Z" name="DriverSetup" finished-at="2021-11-22T07:57:19Z" duration-ms="1628" status="PASS">
          <reporter-output>
          </reporter-output>
        </test-method> <!-- DriverSetup -->
        <test-method is-config="true" signature="beforeMethod()[pri:0, instance:com.mindtree.Runner.search_for_a_specific_product@492691d7]" started-at="2021-11-22T07:57:19Z" name="beforeMethod" finished-at="2021-11-22T07:57:23Z" duration-ms="3248" status="PASS">
          <reporter-output>
          </reporter-output>
        </test-method> <!-- beforeMethod -->
        <test-method signature="search_for_product(java.lang.String)[pri:0, instance:com.mindtree.Runner.search_for_a_specific_product@492691d7]" started-at="2021-11-22T07:57:23Z" name="search_for_product" data-provider="getData" finished-at="2021-11-22T07:57:25Z" duration-ms="2630" status="PASS">
          <params>
            <param index="0">
              <value>
                <![CDATA[Batman Rug]]>
              </value>
            </param>
          </params>
          <reporter-output>
          </reporter-output>
        </test-method> <!-- search_for_product -->
        <test-method is-config="true" signature="afterClass()[pri:0, instance:com.mindtree.Runner.search_for_a_specific_product@492691d7]" started-at="2021-11-22T07:57:25Z" name="afterClass" finished-at="2021-11-22T07:57:26Z" duration-ms="826" status="PASS">
          <reporter-output>
          </reporter-output>
        </test-method> <!-- afterClass -->
      </class> <!-- com.mindtree.Runner.search_for_a_specific_product -->
      <class name="com.mindtree.Runner.Adding_product_to_cart_from_AllOfIt">
        <test-method is-config="true" signature="DriverSetup()[pri:0, instance:com.mindtree.Runner.Adding_product_to_cart_from_AllOfIt@60129b9a]" started-at="2021-11-22T07:57:26Z" name="DriverSetup" finished-at="2021-11-22T07:57:28Z" duration-ms="1601" status="PASS">
          <reporter-output>
          </reporter-output>
        </test-method> <!-- DriverSetup -->
        <test-method is-config="true" signature="beforeMethod()[pri:0, instance:com.mindtree.Runner.Adding_product_to_cart_from_AllOfIt@60129b9a]" started-at="2021-11-22T07:57:28Z" name="beforeMethod" finished-at="2021-11-22T07:57:31Z" duration-ms="3421" status="PASS">
          <reporter-output>
          </reporter-output>
        </test-method> <!-- beforeMethod -->
        <test-method signature="add_to_cart_from_AllOfIt()[pri:0, instance:com.mindtree.Runner.Adding_product_to_cart_from_AllOfIt@60129b9a]" started-at="2021-11-22T07:57:31Z" name="add_to_cart_from_AllOfIt" finished-at="2021-11-22T07:57:38Z" duration-ms="6496" status="PASS">
          <reporter-output>
          </reporter-output>
        </test-method> <!-- add_to_cart_from_AllOfIt -->
        <test-method is-config="true" signature="afterClass()[pri:0, instance:com.mindtree.Runner.Adding_product_to_cart_from_AllOfIt@60129b9a]" started-at="2021-11-22T07:57:38Z" name="afterClass" finished-at="2021-11-22T07:57:39Z" duration-ms="767" status="PASS">
          <reporter-output>
          </reporter-output>
        </test-method> <!-- afterClass -->
      </class> <!-- com.mindtree.Runner.Adding_product_to_cart_from_AllOfIt -->
      <class name="com.mindtree.Runner.Product_Selection_from_Top50">
        <test-method is-config="true" signature="DriverSetup()[pri:0, instance:com.mindtree.Runner.Product_Selection_from_Top50@7c8c9a05]" started-at="2021-11-22T07:57:51Z" name="DriverSetup" finished-at="2021-11-22T07:57:53Z" duration-ms="1512" status="PASS">
          <reporter-output>
          </reporter-output>
        </test-method> <!-- DriverSetup -->
        <test-method is-config="true" signature="beforeMethod()[pri:0, instance:com.mindtree.Runner.Product_Selection_from_Top50@7c8c9a05]" started-at="2021-11-22T07:57:53Z" name="beforeMethod" finished-at="2021-11-22T07:57:56Z" duration-ms="3437" status="PASS">
          <reporter-output>
          </reporter-output>
        </test-method> <!-- beforeMethod -->
        <test-method signature="select_product_from_Top50()[pri:0, instance:com.mindtree.Runner.Product_Selection_from_Top50@7c8c9a05]" started-at="2021-11-22T07:57:56Z" name="select_product_from_Top50" finished-at="2021-11-22T07:57:59Z" duration-ms="2895" status="PASS">
          <reporter-output>
          </reporter-output>
        </test-method> <!-- select_product_from_Top50 -->
        <test-method is-config="true" signature="afterClass()[pri:0, instance:com.mindtree.Runner.Product_Selection_from_Top50@7c8c9a05]" started-at="2021-11-22T07:58:00Z" name="afterClass" finished-at="2021-11-22T07:58:00Z" duration-ms="762" status="PASS">
          <reporter-output>
          </reporter-output>
        </test-method> <!-- afterClass -->
      </class> <!-- com.mindtree.Runner.Product_Selection_from_Top50 -->
      <class name="com.mindtree.Runner.Adding_GiftCard_to_Cart">
        <test-method is-config="true" signature="DriverSetup()[pri:0, instance:com.mindtree.Runner.Adding_GiftCard_to_Cart@8576fa0]" started-at="2021-11-22T07:58:18Z" name="DriverSetup" finished-at="2021-11-22T07:58:20Z" duration-ms="1539" status="PASS">
          <reporter-output>
          </reporter-output>
        </test-method> <!-- DriverSetup -->
        <test-method is-config="true" signature="beforeMethod()[pri:0, instance:com.mindtree.Runner.Adding_GiftCard_to_Cart@8576fa0]" started-at="2021-11-22T07:58:20Z" name="beforeMethod" finished-at="2021-11-22T07:58:23Z" duration-ms="3124" status="PASS">
          <reporter-output>
          </reporter-output>
        </test-method> <!-- beforeMethod -->
        <test-method signature="add_giftcard_to_cart()[pri:0, instance:com.mindtree.Runner.Adding_GiftCard_to_Cart@8576fa0]" started-at="2021-11-22T07:58:23Z" name="add_giftcard_to_cart" finished-at="2021-11-22T07:58:25Z" duration-ms="2255" status="PASS">
          <reporter-output>
          </reporter-output>
        </test-method> <!-- add_giftcard_to_cart -->
        <test-method is-config="true" signature="afterClass()[pri:0, instance:com.mindtree.Runner.Adding_GiftCard_to_Cart@8576fa0]" started-at="2021-11-22T07:58:26Z" name="afterClass" finished-at="2021-11-22T07:58:26Z" duration-ms="811" status="PASS">
          <reporter-output>
          </reporter-output>
        </test-method> <!-- afterClass -->
      </class> <!-- com.mindtree.Runner.Adding_GiftCard_to_Cart -->
      <class name="com.mindtree.Runner.Sign_up_now_Check">
        <test-method is-config="true" signature="DriverSetup()[pri:0, instance:com.mindtree.Runner.Sign_up_now_Check@558bdf1f]" started-at="2021-11-22T07:58:12Z" name="DriverSetup" finished-at="2021-11-22T07:58:14Z" duration-ms="1490" status="PASS">
          <reporter-output>
          </reporter-output>
        </test-method> <!-- DriverSetup -->
        <test-method is-config="true" signature="beforeMethod()[pri:0, instance:com.mindtree.Runner.Sign_up_now_Check@558bdf1f]" started-at="2021-11-22T07:58:14Z" name="beforeMethod" finished-at="2021-11-22T07:58:17Z" duration-ms="2844" status="PASS">
          <reporter-output>
          </reporter-output>
        </test-method> <!-- beforeMethod -->
        <test-method signature="check_sign_up_for_now()[pri:0, instance:com.mindtree.Runner.Sign_up_now_Check@558bdf1f]" started-at="2021-11-22T07:58:17Z" name="check_sign_up_for_now" finished-at="2021-11-22T07:58:17Z" duration-ms="540" status="PASS">
          <reporter-output>
          </reporter-output>
        </test-method> <!-- check_sign_up_for_now -->
        <test-method is-config="true" signature="afterClass()[pri:0, instance:com.mindtree.Runner.Sign_up_now_Check@558bdf1f]" started-at="2021-11-22T07:58:18Z" name="afterClass" finished-at="2021-11-22T07:58:18Z" duration-ms="733" status="PASS">
          <reporter-output>
          </reporter-output>
        </test-method> <!-- afterClass -->
      </class> <!-- com.mindtree.Runner.Sign_up_now_Check -->
    </test> <!-- Test -->
  </suite> <!-- Suite -->
</testng-results>
