<?xml version="1.0" encoding="UTF-8"?>
<testng-results ignored="0" total="1" passed="1" failed="0" skipped="0">
  <reporter-output>
  </reporter-output>
  <suite started-at="2021-11-22T07:52:39 IST" name="Default suite" finished-at="2021-11-22T07:52:49 IST" duration-ms="10608">
    <groups>
    </groups>
    <test started-at="2021-11-22T07:52:39 IST" name="Default test" finished-at="2021-11-22T07:52:49 IST" duration-ms="10608">
      <class name="com.mindtree.Runner.Adding_GiftCard_to_Cart">
        <test-method is-config="true" signature="beforeClass()[pri:0, instance:com.mindtree.Runner.Adding_GiftCard_to_Cart@6fa51cd4]" started-at="2021-11-22T07:52:38 IST" name="beforeClass" finished-at="2021-11-22T07:52:39 IST" duration-ms="368" status="PASS">
          <reporter-output>
          </reporter-output>
        </test-method> <!-- beforeClass -->
        <test-method is-config="true" signature="DriverSetup()[pri:0, instance:com.mindtree.Runner.Adding_GiftCard_to_Cart@6fa51cd4]" started-at="2021-11-22T07:52:39 IST" name="DriverSetup" finished-at="2021-11-22T07:52:41 IST" duration-ms="2268" status="PASS">
          <reporter-output>
          </reporter-output>
        </test-method> <!-- DriverSetup -->
        <test-method is-config="true" signature="beforeMethod()[pri:0, instance:com.mindtree.Runner.Adding_GiftCard_to_Cart@6fa51cd4]" started-at="2021-11-22T07:52:41 IST" name="beforeMethod" finished-at="2021-11-22T07:52:45 IST" duration-ms="4471" status="PASS">
          <reporter-output>
          </reporter-output>
        </test-method> <!-- beforeMethod -->
        <test-method signature="add_giftcard_to_cart()[pri:0, instance:com.mindtree.Runner.Adding_GiftCard_to_Cart@6fa51cd4]" started-at="2021-11-22T07:52:45 IST" name="add_giftcard_to_cart" finished-at="2021-11-22T07:52:48 IST" duration-ms="3022" status="PASS">
          <reporter-output>
          </reporter-output>
        </test-method> <!-- add_giftcard_to_cart -->
        <test-method is-config="true" signature="afterClass()[pri:0, instance:com.mindtree.Runner.Adding_GiftCard_to_Cart@6fa51cd4]" started-at="2021-11-22T07:52:48 IST" name="afterClass" finished-at="2021-11-22T07:52:49 IST" duration-ms="795" status="PASS">
          <reporter-output>
          </reporter-output>
        </test-method> <!-- afterClass -->
        <test-method is-config="true" signature="afterSuite()[pri:0, instance:com.mindtree.Runner.Adding_GiftCard_to_Cart@6fa51cd4]" started-at="2021-11-22T07:52:49 IST" name="afterSuite" finished-at="2021-11-22T07:52:49 IST" duration-ms="218" status="PASS">
          <reporter-output>
          </reporter-output>
        </test-method> <!-- afterSuite -->
      </class> <!-- com.mindtree.Runner.Adding_GiftCard_to_Cart -->
    </test> <!-- Default test -->
  </suite> <!-- Default suite -->
</testng-results>
